This file contains any messages produced by compilers while
running configure, to aid debugging if configure makes a mistake.

It was created by nixdrvctl configure 1.0, which was
generated by GNU Autoconf 2.69.  Invocation command line was

  $ ./configure 

## --------- ##
## Platform. ##
## --------- ##

hostname = localhost.localdomain
uname -m = x86_64
uname -r = 4.18.0-553.8.1.el8_10.x86_64
uname -s = Linux
uname -v = #1 SMP Fri Jun 14 03:19:37 EDT 2024

/usr/bin/uname -p = x86_64
/bin/uname -X     = unknown

/bin/arch              = x86_64
/usr/bin/arch -k       = unknown
/usr/convex/getsysinfo = unknown
/usr/bin/hostinfo      = unknown
/bin/machine           = unknown
/usr/bin/oslevel       = unknown
/bin/universe          = unknown

PATH: /usr/local/sbin
PATH: /usr/local/bin
PATH: /usr/sbin
PATH: /usr/bin
PATH: /var/lib/snapd/snap/bin
PATH: /root/bin


## ----------- ##
## Core tests. ##
## ----------- ##

configure:2242: checking for a BSD-compatible install
configure:2310: result: /usr/bin/install -c
configure:2321: checking whether build environment is sane
configure:2376: result: yes
configure:2527: checking for a thread-safe mkdir -p
configure:2566: result: /usr/bin/mkdir -p
configure:2573: checking for gawk
configure:2589: found /usr/bin/gawk
configure:2600: result: gawk
configure:2611: checking whether make sets $(MAKE)
configure:2633: result: yes
configure:2662: checking whether make supports nested variables
configure:2679: result: yes
configure:2858: checking for gcc
configure:2874: found /usr/bin/gcc
configure:2885: result: gcc
configure:3114: checking for C compiler version
configure:3123: gcc --version >&5
gcc (GCC) 8.5.0 20210514 (Red Hat 8.5.0-22)
Copyright (C) 2018 Free Software Foundation, Inc.
This is free software; see the source for copying conditions.  There is NO
warranty; not even for MERCHANTABILITY or FITNESS FOR A PARTICULAR PURPOSE.

configure:3134: $? = 0
configure:3123: gcc -v >&5
Using built-in specs.
COLLECT_GCC=gcc
COLLECT_LTO_WRAPPER=/usr/libexec/gcc/x86_64-redhat-linux/8/lto-wrapper
OFFLOAD_TARGET_NAMES=nvptx-none
OFFLOAD_TARGET_DEFAULT=1
Target: x86_64-redhat-linux
Configured with: ../configure --enable-bootstrap --enable-languages=c,c++,fortran,lto --prefix=/usr --mandir=/usr/share/man --infodir=/usr/share/info --with-bugurl=http://bugzilla.redhat.com/bugzilla --enable-shared --enable-threads=posix --enable-checking=release --enable-multilib --with-system-zlib --enable-__cxa_atexit --disable-libunwind-exceptions --enable-gnu-unique-object --enable-linker-build-id --with-gcc-major-version-only --with-linker-hash-style=gnu --enable-plugin --enable-initfini-array --with-isl --disable-libmpx --enable-offload-targets=nvptx-none --without-cuda-driver --enable-gnu-indirect-function --enable-cet --with-tune=generic --with-arch_32=x86-64 --build=x86_64-redhat-linux
Thread model: posix
gcc version 8.5.0 20210514 (Red Hat 8.5.0-22) (GCC) 
configure:3134: $? = 0
configure:3123: gcc -V >&5
gcc: error: unrecognized command line option '-V'
gcc: fatal error: no input files
compilation terminated.
configure:3134: $? = 1
configure:3123: gcc -qversion >&5
gcc: error: unrecognized command line option '-qversion'; did you mean '--version'?
gcc: fatal error: no input files
compilation terminated.
configure:3134: $? = 1
configure:3154: checking whether the C compiler works
configure:3176: gcc    conftest.c  >&5
configure:3180: $? = 0
configure:3228: result: yes
configure:3231: checking for C compiler default output file name
configure:3233: result: a.out
configure:3239: checking for suffix of executables
configure:3246: gcc -o conftest    conftest.c  >&5
configure:3250: $? = 0
configure:3272: result: 
configure:3294: checking whether we are cross compiling
configure:3302: gcc -o conftest    conftest.c  >&5
configure:3306: $? = 0
configure:3313: ./conftest
configure:3317: $? = 0
configure:3332: result: no
configure:3337: checking for suffix of object files
configure:3359: gcc -c   conftest.c >&5
configure:3363: $? = 0
configure:3384: result: o
configure:3388: checking whether we are using the GNU C compiler
configure:3407: gcc -c   conftest.c >&5
configure:3407: $? = 0
configure:3416: result: yes
configure:3425: checking whether gcc accepts -g
configure:3445: gcc -c -g  conftest.c >&5
configure:3445: $? = 0
configure:3486: result: yes
configure:3503: checking for gcc option to accept ISO C89
configure:3566: gcc  -c -g -O2  conftest.c >&5
configure:3566: $? = 0
configure:3579: result: none needed
configure:3604: checking whether gcc understands -c and -o together
configure:3626: gcc -c conftest.c -o conftest2.o
configure:3629: $? = 0
configure:3626: gcc -c conftest.c -o conftest2.o
configure:3629: $? = 0
configure:3641: result: yes
configure:3661: checking whether make supports the include directive
configure:3676: make -f confmf.GNU && cat confinc.out
this is the am__doit target
configure:3679: $? = 0
configure:3698: result: yes (GNU style)
configure:3723: checking dependency style of gcc
configure:3834: result: gcc3
configure:3853: checking for main in -lnd_nix_nfm_lib
configure:3872: gcc -o conftest -g -O2   conftest.c -lnd_nix_nfm_lib   >&5
configure:3872: $? = 0
configure:3881: result: yes
configure:3899: checking how to run the C preprocessor
configure:3930: gcc -E  conftest.c
configure:3930: $? = 0
configure:3944: gcc -E  conftest.c
conftest.c:12:10: fatal error: ac_nonexistent.h: No such file or directory
 #include <ac_nonexistent.h>
          ^~~~~~~~~~~~~~~~~~
compilation terminated.
configure:3944: $? = 1
configure: failed program was:
| /* confdefs.h */
| #define PACKAGE_NAME "nixdrvctl"
| #define PACKAGE_TARNAME "nixdrvctl"
| #define PACKAGE_VERSION "1.0"
| #define PACKAGE_STRING "nixdrvctl 1.0"
| #define PACKAGE_BUGREPORT "info@netand.co.kr"
| #define PACKAGE_URL ""
| #define PACKAGE "nixdrvctl"
| #define VERSION "1.0"
| #define HAVE_LIBND_NIX_NFM_LIB 1
| /* end confdefs.h.  */
| #include <ac_nonexistent.h>
configure:3969: result: gcc -E
configure:3989: gcc -E  conftest.c
configure:3989: $? = 0
configure:4003: gcc -E  conftest.c
conftest.c:12:10: fatal error: ac_nonexistent.h: No such file or directory
 #include <ac_nonexistent.h>
          ^~~~~~~~~~~~~~~~~~
compilation terminated.
configure:4003: $? = 1
configure: failed program was:
| /* confdefs.h */
| #define PACKAGE_NAME "nixdrvctl"
| #define PACKAGE_TARNAME "nixdrvctl"
| #define PACKAGE_VERSION "1.0"
| #define PACKAGE_STRING "nixdrvctl 1.0"
| #define PACKAGE_BUGREPORT "info@netand.co.kr"
| #define PACKAGE_URL ""
| #define PACKAGE "nixdrvctl"
| #define VERSION "1.0"
| #define HAVE_LIBND_NIX_NFM_LIB 1
| /* end confdefs.h.  */
| #include <ac_nonexistent.h>
configure:4032: checking for grep that handles long lines and -e
configure:4090: result: /usr/bin/grep
configure:4095: checking for egrep
configure:4157: result: /usr/bin/grep -E
configure:4162: checking for ANSI C header files
configure:4182: gcc -c -g -O2  conftest.c >&5
configure:4182: $? = 0
configure:4255: gcc -o conftest -g -O2   conftest.c -lnd_nix_nfm_lib  >&5
configure:4255: $? = 0
configure:4255: ./conftest
configure:4255: $? = 0
configure:4266: result: yes
configure:4279: checking for sys/types.h
configure:4279: gcc -c -g -O2  conftest.c >&5
configure:4279: $? = 0
configure:4279: result: yes
configure:4279: checking for sys/stat.h
configure:4279: gcc -c -g -O2  conftest.c >&5
configure:4279: $? = 0
configure:4279: result: yes
configure:4279: checking for stdlib.h
configure:4279: gcc -c -g -O2  conftest.c >&5
configure:4279: $? = 0
configure:4279: result: yes
configure:4279: checking for string.h
configure:4279: gcc -c -g -O2  conftest.c >&5
configure:4279: $? = 0
configure:4279: result: yes
configure:4279: checking for memory.h
configure:4279: gcc -c -g -O2  conftest.c >&5
configure:4279: $? = 0
configure:4279: result: yes
configure:4279: checking for strings.h
configure:4279: gcc -c -g -O2  conftest.c >&5
configure:4279: $? = 0
configure:4279: result: yes
configure:4279: checking for inttypes.h
configure:4279: gcc -c -g -O2  conftest.c >&5
configure:4279: $? = 0
configure:4279: result: yes
configure:4279: checking for stdint.h
configure:4279: gcc -c -g -O2  conftest.c >&5
configure:4279: $? = 0
configure:4279: result: yes
configure:4279: checking for unistd.h
configure:4279: gcc -c -g -O2  conftest.c >&5
configure:4279: $? = 0
configure:4279: result: yes
configure:4294: checking for stdlib.h
configure:4294: result: yes
configure:4294: checking for string.h
configure:4294: result: yes
configure:4294: checking for unistd.h
configure:4294: result: yes
configure:4306: checking for size_t
configure:4306: gcc -c -g -O2  conftest.c >&5
configure:4306: $? = 0
configure:4306: gcc -c -g -O2  conftest.c >&5
conftest.c: In function 'main':
conftest.c:61:21: error: expected expression before ')' token
 if (sizeof ((size_t)))
                     ^
configure:4306: $? = 1
configure: failed program was:
| /* confdefs.h */
| #define PACKAGE_NAME "nixdrvctl"
| #define PACKAGE_TARNAME "nixdrvctl"
| #define PACKAGE_VERSION "1.0"
| #define PACKAGE_STRING "nixdrvctl 1.0"
| #define PACKAGE_BUGREPORT "info@netand.co.kr"
| #define PACKAGE_URL ""
| #define PACKAGE "nixdrvctl"
| #define VERSION "1.0"
| #define HAVE_LIBND_NIX_NFM_LIB 1
| #define STDC_HEADERS 1
| #define HAVE_SYS_TYPES_H 1
| #define HAVE_SYS_STAT_H 1
| #define HAVE_STDLIB_H 1
| #define HAVE_STRING_H 1
| #define HAVE_MEMORY_H 1
| #define HAVE_STRINGS_H 1
| #define HAVE_INTTYPES_H 1
| #define HAVE_STDINT_H 1
| #define HAVE_UNISTD_H 1
| #define HAVE_STDLIB_H 1
| #define HAVE_STRING_H 1
| #define HAVE_UNISTD_H 1
| /* end confdefs.h.  */
| #include <stdio.h>
| #ifdef HAVE_SYS_TYPES_H
| # include <sys/types.h>
| #endif
| #ifdef HAVE_SYS_STAT_H
| # include <sys/stat.h>
| #endif
| #ifdef STDC_HEADERS
| # include <stdlib.h>
| # include <stddef.h>
| #else
| # ifdef HAVE_STDLIB_H
| #  include <stdlib.h>
| # endif
| #endif
| #ifdef HAVE_STRING_H
| # if !defined STDC_HEADERS && defined HAVE_MEMORY_H
| #  include <memory.h>
| # endif
| # include <string.h>
| #endif
| #ifdef HAVE_STRINGS_H
| # include <strings.h>
| #endif
| #ifdef HAVE_INTTYPES_H
| # include <inttypes.h>
| #endif
| #ifdef HAVE_STDINT_H
| # include <stdint.h>
| #endif
| #ifdef HAVE_UNISTD_H
| # include <unistd.h>
| #endif
| int
| main ()
| {
| if (sizeof ((size_t)))
| 	    return 0;
|   ;
|   return 0;
| }
configure:4306: result: yes
configure:4321: checking for strstr
configure:4321: gcc -o conftest -g -O2   conftest.c -lnd_nix_nfm_lib  >&5
conftest.c:48:6: warning: conflicting types for built-in function 'strstr' [-Wbuiltin-declaration-mismatch]
 char strstr ();
      ^~~~~~
configure:4321: $? = 0
configure:4321: result: yes
configure:4442: checking that generated files are newer than configure
configure:4448: result: done
configure:4471: creating ./config.status

## ---------------------- ##
## Running config.status. ##
## ---------------------- ##

This file was extended by nixdrvctl config.status 1.0, which was
generated by GNU Autoconf 2.69.  Invocation command line was

  CONFIG_FILES    = 
  CONFIG_HEADERS  = 
  CONFIG_LINKS    = 
  CONFIG_COMMANDS = 
  $ ./config.status 

on localhost.localdomain

config.status:857: creating Makefile
config.status:857: creating config.h
config.status:1086: executing depfiles commands
config.status:1163: cd .       && sed -e '/# am--include-marker/d' Makefile         | make -f - am--depfiles
config.status:1168: $? = 0

## ---------------- ##
## Cache variables. ##
## ---------------- ##

ac_cv_c_compiler_gnu=yes
ac_cv_env_CC_set=
ac_cv_env_CC_value=
ac_cv_env_CFLAGS_set=
ac_cv_env_CFLAGS_value=
ac_cv_env_CPPFLAGS_set=
ac_cv_env_CPPFLAGS_value=
ac_cv_env_CPP_set=
ac_cv_env_CPP_value=
ac_cv_env_LDFLAGS_set=
ac_cv_env_LDFLAGS_value=
ac_cv_env_LIBS_set=
ac_cv_env_LIBS_value=
ac_cv_env_build_alias_set=
ac_cv_env_build_alias_value=
ac_cv_env_host_alias_set=
ac_cv_env_host_alias_value=
ac_cv_env_target_alias_set=
ac_cv_env_target_alias_value=
ac_cv_func_strstr=yes
ac_cv_header_inttypes_h=yes
ac_cv_header_memory_h=yes
ac_cv_header_stdc=yes
ac_cv_header_stdint_h=yes
ac_cv_header_stdlib_h=yes
ac_cv_header_string_h=yes
ac_cv_header_strings_h=yes
ac_cv_header_sys_stat_h=yes
ac_cv_header_sys_types_h=yes
ac_cv_header_unistd_h=yes
ac_cv_lib_nd_nix_nfm_lib_main=yes
ac_cv_objext=o
ac_cv_path_EGREP='/usr/bin/grep -E'
ac_cv_path_GREP=/usr/bin/grep
ac_cv_path_install='/usr/bin/install -c'
ac_cv_path_mkdir=/usr/bin/mkdir
ac_cv_prog_AWK=gawk
ac_cv_prog_CPP='gcc -E'
ac_cv_prog_ac_ct_CC=gcc
ac_cv_prog_cc_c89=
ac_cv_prog_cc_g=yes
ac_cv_prog_make_make_set=yes
ac_cv_type_size_t=yes
am_cv_CC_dependencies_compiler_type=gcc3
am_cv_make_support_nested_variables=yes
am_cv_prog_cc_c_o=yes

## ----------------- ##
## Output variables. ##
## ----------------- ##

ACLOCAL='${SHELL} /src/netand/src/nd_nix_nfm/modules/nd_nix_nfm_lib/NdNixNfmDrv_ctl/temp/missing aclocal-1.16'
AMDEPBACKSLASH='\'
AMDEP_FALSE='#'
AMDEP_TRUE=''
AMTAR='$${TAR-tar}'
AM_BACKSLASH='\'
AM_DEFAULT_V='$(AM_DEFAULT_VERBOSITY)'
AM_DEFAULT_VERBOSITY='1'
AM_V='$(V)'
AUTOCONF='${SHELL} /src/netand/src/nd_nix_nfm/modules/nd_nix_nfm_lib/NdNixNfmDrv_ctl/temp/missing autoconf'
AUTOHEADER='${SHELL} /src/netand/src/nd_nix_nfm/modules/nd_nix_nfm_lib/NdNixNfmDrv_ctl/temp/missing autoheader'
AUTOMAKE='${SHELL} /src/netand/src/nd_nix_nfm/modules/nd_nix_nfm_lib/NdNixNfmDrv_ctl/temp/missing automake-1.16'
AWK='gawk'
CC='gcc'
CCDEPMODE='depmode=gcc3'
CFLAGS='-g -O2'
CPP='gcc -E'
CPPFLAGS=''
CYGPATH_W='echo'
DEFS='-DHAVE_CONFIG_H'
DEPDIR='.deps'
ECHO_C=''
ECHO_N='-n'
ECHO_T=''
EGREP='/usr/bin/grep -E'
EXEEXT=''
GREP='/usr/bin/grep'
INSTALL_DATA='${INSTALL} -m 644'
INSTALL_PROGRAM='${INSTALL}'
INSTALL_SCRIPT='${INSTALL}'
INSTALL_STRIP_PROGRAM='$(install_sh) -c -s'
LDFLAGS=''
LIBOBJS=''
LIBS='-lnd_nix_nfm_lib '
LTLIBOBJS=''
MAKEINFO='${SHELL} /src/netand/src/nd_nix_nfm/modules/nd_nix_nfm_lib/NdNixNfmDrv_ctl/temp/missing makeinfo'
MKDIR_P='/usr/bin/mkdir -p'
OBJEXT='o'
PACKAGE='nixdrvctl'
PACKAGE_BUGREPORT='info@netand.co.kr'
PACKAGE_NAME='nixdrvctl'
PACKAGE_STRING='nixdrvctl 1.0'
PACKAGE_TARNAME='nixdrvctl'
PACKAGE_URL=''
PACKAGE_VERSION='1.0'
PATH_SEPARATOR=':'
SET_MAKE=''
SHELL='/bin/sh'
STRIP=''
VERSION='1.0'
ac_ct_CC='gcc'
am__EXEEXT_FALSE=''
am__EXEEXT_TRUE='#'
am__fastdepCC_FALSE='#'
am__fastdepCC_TRUE=''
am__include='include'
am__isrc=''
am__leading_dot='.'
am__nodep='_no'
am__quote=''
am__tar='$${TAR-tar} chof - "$$tardir"'
am__untar='$${TAR-tar} xf -'
bindir='${exec_prefix}/bin'
build_alias=''
datadir='${datarootdir}'
datarootdir='${prefix}/share'
docdir='${datarootdir}/doc/${PACKAGE_TARNAME}'
dvidir='${docdir}'
exec_prefix='${prefix}'
host_alias=''
htmldir='${docdir}'
includedir='${prefix}/include'
infodir='${datarootdir}/info'
install_sh='${SHELL} /src/netand/src/nd_nix_nfm/modules/nd_nix_nfm_lib/NdNixNfmDrv_ctl/temp/install-sh'
libdir='${exec_prefix}/lib'
libexecdir='${exec_prefix}/libexec'
localedir='${datarootdir}/locale'
localstatedir='${prefix}/var'
mandir='${datarootdir}/man'
mkdir_p='$(MKDIR_P)'
oldincludedir='/usr/include'
pdfdir='${docdir}'
prefix='/usr/local'
program_transform_name='s,x,x,'
psdir='${docdir}'
sbindir='${exec_prefix}/sbin'
sharedstatedir='${prefix}/com'
sysconfdir='${prefix}/etc'
target_alias=''

## ----------- ##
## confdefs.h. ##
## ----------- ##

/* confdefs.h */
#define PACKAGE_NAME "nixdrvctl"
#define PACKAGE_TARNAME "nixdrvctl"
#define PACKAGE_VERSION "1.0"
#define PACKAGE_STRING "nixdrvctl 1.0"
#define PACKAGE_BUGREPORT "info@netand.co.kr"
#define PACKAGE_URL ""
#define PACKAGE "nixdrvctl"
#define VERSION "1.0"
#define HAVE_LIBND_NIX_NFM_LIB 1
#define STDC_HEADERS 1
#define HAVE_SYS_TYPES_H 1
#define HAVE_SYS_STAT_H 1
#define HAVE_STDLIB_H 1
#define HAVE_STRING_H 1
#define HAVE_MEMORY_H 1
#define HAVE_STRINGS_H 1
#define HAVE_INTTYPES_H 1
#define HAVE_STDINT_H 1
#define HAVE_UNISTD_H 1
#define HAVE_STDLIB_H 1
#define HAVE_STRING_H 1
#define HAVE_UNISTD_H 1
#define HAVE_STRSTR 1

configure: exit 0
